1 the error rate of this test is: 0.000000
1  =>  [   1.            1.         -907.09798246 -138.51487719 -350.13339766
 -873.72138596    1.            1.            1.            1.
    1.            1.            1.            1.            1.
    1.            1.            1.            1.            1.        ]
1 the error rate of this test is: 0.000000
1  =>  [   1.            1.         -833.91887879 -243.754      -448.08330303
 -926.63042424    1.            1.            1.            1.
    1.            1.            1.            1.            1.
    1.            1.            1.            1.            1.        ]
1 the error rate of this test is: 0.000000
1  =>  [   1.            1.         -740.46463348 -243.78392352 -366.33498557
 -911.65727417    1.            1.            1.            1.
    1.            1.            1.            1.            1.
    1.            1.            1.            1.            1.        ]
1 after 3 iterations the average error rate is: 0.000000
2 the error rate of this test is: 0.000000
2  =>  [   1.            1.         -415.06715385  -83.94653846 -289.40515385
 -500.01669231    1.            1.            1.            1.
    1.            1.            1.            1.            1.
    1.            1.            1.            1.            1.        ]
2 the error rate of this test is: 0.000000
2  =>  [ 1.00000000e+00  1.00000000e+00 -1.98017486e+02 -5.61394150e+02
 -1.36002017e+03 -4.86139080e+02  1.00000000e+00  1.00000000e+00
  1.00000000e+00  1.00000000e+00  1.00000000e+00  1.00000000e+00
  1.00000000e+00  1.00000000e+00  1.00000000e+00  1.00000000e+00
  1.00000000e+00  1.00000000e+00  1.00000000e+00  1.00000000e+00]
2 the error rate of this test is: 0.000000
2  =>  [ 1.00000000e+00  1.00000000e+00  4.02321358e+02 -1.34118687e+02
 -8.89577585e+02 -1.15263160e+03  1.00000000e+00  1.00000000e+00
  1.00000000e+00  1.00000000e+00  1.00000000e+00  1.00000000e+00
  1.00000000e+00  1.00000000e+00  1.00000000e+00  1.00000000e+00
  1.00000000e+00  1.00000000e+00  1.00000000e+00  1.00000000e+00]
2 after 3 iterations the average error rate is: 0.000000
3 the error rate of this test is: 0.000000
3  =>  [ 1.00000000e+00  1.00000000e+00  1.35570892e+01 -3.87921016e+02
 -1.13933437e+03 -4.79834619e+02  1.00000000e+00  1.00000000e+00
  1.00000000e+00  1.00000000e+00  1.00000000e+00  1.00000000e+00
  1.00000000e+00  1.00000000e+00  1.00000000e+00  1.00000000e+00
  1.00000000e+00  1.00000000e+00  1.00000000e+00  1.00000000e+00]
3 the error rate of this test is: 0.000000
3  =>  [ 1.00000000e+00  1.00000000e+00 -1.00046555e+03 -1.82852949e+02
 -8.82987564e+02 -1.29238263e+03  1.00000000e+00  1.00000000e+00
  1.00000000e+00  1.00000000e+00  1.00000000e+00  1.00000000e+00
  1.00000000e+00  1.00000000e+00  1.00000000e+00  1.00000000e+00
  1.00000000e+00  1.00000000e+00  1.00000000e+00  1.00000000e+00]
3 the error rate of this test is: 0.000000
3  =>  [ 1.00000000e+00  1.00000000e+00  2.91585658e+02 -2.89578957e+02
 -1.19830432e+03 -7.91201693e+02  1.00000000e+00  1.00000000e+00
  1.00000000e+00  1.00000000e+00  1.00000000e+00  1.00000000e+00
  1.00000000e+00  1.00000000e+00  1.00000000e+00  1.00000000e+00
  1.00000000e+00  1.00000000e+00  1.00000000e+00  1.00000000e+00]
3 after 3 iterations the average error rate is: 0.000000
4 the error rate of this test is: 0.000000
4  =>  [ 1.00000000e+00  1.00000000e+00 -3.39876889e+02  1.31049111e+02
 -1.21237411e+03 -7.56399222e+02  1.00000000e+00  1.00000000e+00
  1.00000000e+00  1.00000000e+00  1.00000000e+00  1.00000000e+00
  1.00000000e+00  1.00000000e+00  1.00000000e+00  1.00000000e+00
  1.00000000e+00  1.00000000e+00  1.00000000e+00  1.00000000e+00]
4 the error rate of this test is: 0.000000
4  =>  [   1.            1.         -749.08706307 -209.17482448 -327.29379577
 -959.94759806    1.            1.            1.            1.
    1.            1.            1.            1.            1.
    1.            1.            1.            1.            1.        ]
4 the error rate of this test is: 0.000000
4  =>  [ 1.00000000e+00  1.00000000e+00 -1.76956000e+02 -4.00493778e+02
 -1.23739378e+03 -5.04091444e+02  1.00000000e+00  1.00000000e+00
  1.00000000e+00  1.00000000e+00  1.00000000e+00  1.00000000e+00
  1.00000000e+00  1.00000000e+00  1.00000000e+00  1.00000000e+00
  1.00000000e+00  1.00000000e+00  1.00000000e+00  1.00000000e+00]
4 after 3 iterations the average error rate is: 0.000000
